d:\git\protobuf-3.7.1\cmake\build\solution\libprotoc.dir\debug\cpp_generator.obj
d:\git\protobuf-3.7.1\cmake\build\solution\libprotoc.dir\debug\cpp_primitive_field.obj
d:\git\protobuf-3.7.1\cmake\build\solution\libprotoc.dir\debug\csharp_generator.obj
d:\git\protobuf-3.7.1\cmake\build\solution\libprotoc.dir\debug\csharp_repeated_enum_field.obj
d:\git\protobuf-3.7.1\cmake\build\solution\libprotoc.dir\debug\java_enum.obj
d:\git\protobuf-3.7.1\cmake\build\solution\libprotoc.dir\debug\java_generator.obj
d:\git\protobuf-3.7.1\cmake\build\solution\libprotoc.dir\debug\java_message_field_lite.obj
d:\git\protobuf-3.7.1\cmake\build\solution\libprotoc.dir\debug\java_string_field_lite.obj
d:\git\protobuf-3.7.1\cmake\build\solution\libprotoc.dir\debug\objectivec_helpers.obj
d:\git\protobuf-3.7.1\cmake\build\solution\libprotoc.dir\debug\python_generator.obj
d:\git\protobuf-3.7.1\cmake\build\solution\libprotoc.dir\debug\cpp_enum_field.obj
d:\git\protobuf-3.7.1\cmake\build\solution\libprotoc.dir\debug\cpp_message_field.obj
d:\git\protobuf-3.7.1\cmake\build\solution\libprotoc.dir\debug\csharp_enum.obj
d:\git\protobuf-3.7.1\cmake\build\solution\libprotoc.dir\debug\csharp_reflection_class.obj
d:\git\protobuf-3.7.1\cmake\build\solution\libprotoc.dir\debug\java_enum_field.obj
d:\git\protobuf-3.7.1\cmake\build\solution\libprotoc.dir\debug\java_generator_factory.obj
d:\git\protobuf-3.7.1\cmake\build\solution\libprotoc.dir\debug\java_message_field.obj
d:\git\protobuf-3.7.1\cmake\build\solution\libprotoc.dir\debug\java_string_field.obj
d:\git\protobuf-3.7.1\cmake\build\solution\libprotoc.dir\debug\objectivec_file.obj
d:\git\protobuf-3.7.1\cmake\build\solution\libprotoc.dir\debug\plugin.obj
d:\git\protobuf-3.7.1\cmake\build\solution\libprotoc.dir\debug\command_line_interface.obj
d:\git\protobuf-3.7.1\cmake\build\solution\libprotoc.dir\debug\cpp_string_field.obj
d:\git\protobuf-3.7.1\cmake\build\solution\libprotoc.dir\debug\csharp_message_field.obj
d:\git\protobuf-3.7.1\cmake\build\solution\libprotoc.dir\debug\java_context.obj
d:\git\protobuf-3.7.1\cmake\build\solution\libprotoc.dir\debug\java_file.obj
d:\git\protobuf-3.7.1\cmake\build\solution\libprotoc.dir\debug\java_message_builder_lite.obj
d:\git\protobuf-3.7.1\cmake\build\solution\libprotoc.dir\debug\java_shared_code_generator.obj
d:\git\protobuf-3.7.1\cmake\build\solution\libprotoc.dir\debug\objectivec_generator.obj
d:\git\protobuf-3.7.1\cmake\build\solution\libprotoc.dir\debug\php_generator.obj
d:\git\protobuf-3.7.1\cmake\build\solution\libprotoc.dir\debug\cpp_file.obj
d:\git\protobuf-3.7.1\cmake\build\solution\libprotoc.dir\debug\cpp_service.obj
d:\git\protobuf-3.7.1\cmake\build\solution\libprotoc.dir\debug\csharp_map_field.obj
d:\git\protobuf-3.7.1\cmake\build\solution\libprotoc.dir\debug\csharp_source_generator_base.obj
d:\git\protobuf-3.7.1\cmake\build\solution\libprotoc.dir\debug\java_extension.obj
d:\git\protobuf-3.7.1\cmake\build\solution\libprotoc.dir\debug\java_map_field_lite.obj
d:\git\protobuf-3.7.1\cmake\build\solution\libprotoc.dir\debug\java_primitive_field.obj
d:\git\protobuf-3.7.1\cmake\build\solution\libprotoc.dir\debug\objectivec_enum_field.obj
d:\git\protobuf-3.7.1\cmake\build\solution\libprotoc.dir\debug\objectivec_map_field.obj
d:\git\protobuf-3.7.1\cmake\build\solution\libprotoc.dir\debug\plugin.pb.obj
d:\git\protobuf-3.7.1\cmake\build\solution\libprotoc.dir\debug\code_generator.obj
d:\git\protobuf-3.7.1\cmake\build\solution\libprotoc.dir\debug\cpp_helpers.obj
d:\git\protobuf-3.7.1\cmake\build\solution\libprotoc.dir\debug\csharp_enum_field.obj
d:\git\protobuf-3.7.1\cmake\build\solution\libprotoc.dir\debug\csharp_primitive_field.obj
d:\git\protobuf-3.7.1\cmake\build\solution\libprotoc.dir\debug\java_doc_comment.obj
d:\git\protobuf-3.7.1\cmake\build\solution\libprotoc.dir\debug\java_field.obj
d:\git\protobuf-3.7.1\cmake\build\solution\libprotoc.dir\debug\java_message_builder.obj
d:\git\protobuf-3.7.1\cmake\build\solution\libprotoc.dir\debug\java_primitive_field_lite.obj
d:\git\protobuf-3.7.1\cmake\build\solution\libprotoc.dir\debug\objectivec_extension.obj
d:\git\protobuf-3.7.1\cmake\build\solution\libprotoc.dir\debug\objectivec_message_field.obj
d:\git\protobuf-3.7.1\cmake\build\solution\libprotoc.dir\debug\subprocess.obj
d:\git\protobuf-3.7.1\cmake\build\solution\libprotoc.dir\debug\cpp_field.obj
d:\git\protobuf-3.7.1\cmake\build\solution\libprotoc.dir\debug\cpp_padding_optimizer.obj
d:\git\protobuf-3.7.1\cmake\build\solution\libprotoc.dir\debug\csharp_field_base.obj
d:\git\protobuf-3.7.1\cmake\build\solution\libprotoc.dir\debug\csharp_repeated_message_field.obj
d:\git\protobuf-3.7.1\cmake\build\solution\libprotoc.dir\debug\java_enum_field_lite.obj
d:\git\protobuf-3.7.1\cmake\build\solution\libprotoc.dir\debug\java_helpers.obj
d:\git\protobuf-3.7.1\cmake\build\solution\libprotoc.dir\debug\java_message_lite.obj
d:\git\protobuf-3.7.1\cmake\build\solution\libprotoc.dir\debug\well_known_types_embed.obj
d:\git\protobuf-3.7.1\cmake\build\solution\libprotoc.dir\debug\objectivec_enum.obj
d:\git\protobuf-3.7.1\cmake\build\solution\libprotoc.dir\debug\objectivec_message.obj
d:\git\protobuf-3.7.1\cmake\build\solution\libprotoc.dir\debug\ruby_generator.obj
d:\git\protobuf-3.7.1\cmake\build\solution\libprotoc.dir\debug\cpp_enum.obj
d:\git\protobuf-3.7.1\cmake\build\solution\libprotoc.dir\debug\cpp_message.obj
d:\git\protobuf-3.7.1\cmake\build\solution\libprotoc.dir\debug\csharp_helpers.obj
d:\git\protobuf-3.7.1\cmake\build\solution\libprotoc.dir\debug\csharp_repeated_primitive_field.obj
d:\git\protobuf-3.7.1\cmake\build\solution\libprotoc.dir\debug\java_enum_lite.obj
d:\git\protobuf-3.7.1\cmake\build\solution\libprotoc.dir\debug\java_map_field.obj
d:\git\protobuf-3.7.1\cmake\build\solution\libprotoc.dir\debug\java_name_resolver.obj
d:\git\protobuf-3.7.1\cmake\build\solution\libprotoc.dir\debug\js_generator.obj
d:\git\protobuf-3.7.1\cmake\build\solution\libprotoc.dir\debug\objectivec_primitive_field.obj
d:\git\protobuf-3.7.1\cmake\build\solution\libprotoc.dir\debug\cpp_extension.obj
d:\git\protobuf-3.7.1\cmake\build\solution\libprotoc.dir\debug\cpp_map_field.obj
d:\git\protobuf-3.7.1\cmake\build\solution\libprotoc.dir\debug\csharp_doc_comment.obj
d:\git\protobuf-3.7.1\cmake\build\solution\libprotoc.dir\debug\csharp_message.obj
d:\git\protobuf-3.7.1\cmake\build\solution\libprotoc.dir\debug\csharp_wrapper_field.obj
d:\git\protobuf-3.7.1\cmake\build\solution\libprotoc.dir\debug\java_extension_lite.obj
d:\git\protobuf-3.7.1\cmake\build\solution\libprotoc.dir\debug\java_message.obj
d:\git\protobuf-3.7.1\cmake\build\solution\libprotoc.dir\debug\java_service.obj
d:\git\protobuf-3.7.1\cmake\build\solution\libprotoc.dir\debug\objectivec_field.obj
d:\git\protobuf-3.7.1\cmake\build\solution\libprotoc.dir\debug\objectivec_oneof.obj
d:\git\protobuf-3.7.1\cmake\build\solution\libprotoc.dir\debug\zip_writer.obj
d:\git\protobuf-3.7.1\cmake\build\solution\libprotoc.dir\debug\libprotoc.pdb
d:\git\protobuf-3.7.1\cmake\build\solution\cmakefiles\generate.stamp
d:\git\protobuf-3.7.1\cmake\build\solution\debug\libprotocd.lib
d:\git\protobuf-3.7.1\cmake\build\solution\libprotoc.dir\debug\version.res
d:\git\protobuf-3.7.1\cmake\build\solution\libprotoc.dir\debug\libprotoc.tlog\cl.18648.write.1.tlog
d:\git\protobuf-3.7.1\cmake\build\solution\libprotoc.dir\debug\libprotoc.tlog\cl.command.1.tlog
d:\git\protobuf-3.7.1\cmake\build\solution\libprotoc.dir\debug\libprotoc.tlog\cl.read.1.tlog
d:\git\protobuf-3.7.1\cmake\build\solution\libprotoc.dir\debug\libprotoc.tlog\custombuild.command.1.tlog
d:\git\protobuf-3.7.1\cmake\build\solution\libprotoc.dir\debug\libprotoc.tlog\custombuild.read.1.tlog
d:\git\protobuf-3.7.1\cmake\build\solution\libprotoc.dir\debug\libprotoc.tlog\custombuild.write.1.tlog
d:\git\protobuf-3.7.1\cmake\build\solution\libprotoc.dir\debug\libprotoc.tlog\lib-link-cvtres.read.1.tlog
d:\git\protobuf-3.7.1\cmake\build\solution\libprotoc.dir\debug\libprotoc.tlog\lib-link-cvtres.write.1.tlog
d:\git\protobuf-3.7.1\cmake\build\solution\libprotoc.dir\debug\libprotoc.tlog\lib.command.1.tlog
d:\git\protobuf-3.7.1\cmake\build\solution\libprotoc.dir\debug\libprotoc.tlog\rc.command.1.tlog
d:\git\protobuf-3.7.1\cmake\build\solution\libprotoc.dir\debug\libprotoc.tlog\rc.read.1.tlog
d:\git\protobuf-3.7.1\cmake\build\solution\libprotoc.dir\debug\libprotoc.tlog\rc.write.1.tlog
