d:\git\protobuf-3.7.1\cmake\build\solution\libprotobuf.dir\debug\implicit_weak_message.obj
d:\git\protobuf-3.7.1\cmake\build\solution\libprotobuf.dir\debug\bytestream.obj
d:\git\protobuf-3.7.1\cmake\build\solution\libprotobuf.dir\debug\stringpiece.obj
d:\git\protobuf-3.7.1\cmake\build\solution\libprotobuf.dir\debug\any.obj
d:\git\protobuf-3.7.1\cmake\build\solution\libprotobuf.dir\debug\dynamic_message.obj
d:\git\protobuf-3.7.1\cmake\build\solution\libprotobuf.dir\debug\gzip_stream.obj
d:\git\protobuf-3.7.1\cmake\build\solution\libprotobuf.dir\debug\tokenizer.obj
d:\git\protobuf-3.7.1\cmake\build\solution\libprotobuf.dir\debug\source_context.pb.obj
d:\git\protobuf-3.7.1\cmake\build\solution\libprotobuf.dir\debug\unknown_field_set.obj
d:\git\protobuf-3.7.1\cmake\build\solution\libprotobuf.dir\debug\json_escaping.obj
d:\git\protobuf-3.7.1\cmake\build\solution\libprotobuf.dir\debug\protostream_objectsource.obj
d:\git\protobuf-3.7.1\cmake\build\solution\libprotobuf.dir\debug\time_util.obj
d:\git\protobuf-3.7.1\cmake\build\solution\libprotobuf.dir\debug\generated_message_util.obj
d:\git\protobuf-3.7.1\cmake\build\solution\libprotobuf.dir\debug\int128.obj
d:\git\protobuf-3.7.1\cmake\build\solution\libprotobuf.dir\debug\stringprintf.obj
d:\git\protobuf-3.7.1\cmake\build\solution\libprotobuf.dir\debug\api.pb.obj
d:\git\protobuf-3.7.1\cmake\build\solution\libprotobuf.dir\debug\extension_set_heavy.obj
d:\git\protobuf-3.7.1\cmake\build\solution\libprotobuf.dir\debug\map_field.obj
d:\git\protobuf-3.7.1\cmake\build\solution\libprotobuf.dir\debug\type.pb.obj
d:\git\protobuf-3.7.1\cmake\build\solution\libprotobuf.dir\debug\field_mask_utility.obj
d:\git\protobuf-3.7.1\cmake\build\solution\libprotobuf.dir\debug\utility.obj
d:\git\protobuf-3.7.1\cmake\build\solution\libprotobuf.dir\debug\arena.obj
d:\git\protobuf-3.7.1\cmake\build\solution\libprotobuf.dir\debug\zero_copy_stream_impl_lite.obj
d:\git\protobuf-3.7.1\cmake\build\solution\libprotobuf.dir\debug\status.obj
d:\git\protobuf-3.7.1\cmake\build\solution\libprotobuf.dir\debug\strutil.obj
d:\git\protobuf-3.7.1\cmake\build\solution\libprotobuf.dir\debug\descriptor.pb.obj
d:\git\protobuf-3.7.1\cmake\build\solution\libprotobuf.dir\debug\field_mask.pb.obj
d:\git\protobuf-3.7.1\cmake\build\solution\libprotobuf.dir\debug\message.obj
d:\git\protobuf-3.7.1\cmake\build\solution\libprotobuf.dir\debug\field_mask_util.obj
d:\git\protobuf-3.7.1\cmake\build\solution\libprotobuf.dir\debug\object_writer.obj
d:\git\protobuf-3.7.1\cmake\build\solution\libprotobuf.dir\debug\type_info_test_helper.obj
d:\git\protobuf-3.7.1\cmake\build\solution\libprotobuf.dir\debug\wrappers.pb.obj
d:\git\protobuf-3.7.1\cmake\build\solution\libprotobuf.dir\debug\strtod.obj
d:\git\protobuf-3.7.1\cmake\build\solution\libprotobuf.dir\debug\zero_copy_stream.obj
d:\git\protobuf-3.7.1\cmake\build\solution\libprotobuf.dir\debug\io_win32.obj
d:\git\protobuf-3.7.1\cmake\build\solution\libprotobuf.dir\debug\parser.obj
d:\git\protobuf-3.7.1\cmake\build\solution\libprotobuf.dir\debug\generated_message_table_driven.obj
d:\git\protobuf-3.7.1\cmake\build\solution\libprotobuf.dir\debug\reflection_ops.obj
d:\git\protobuf-3.7.1\cmake\build\solution\libprotobuf.dir\debug\field_comparator.obj
d:\git\protobuf-3.7.1\cmake\build\solution\libprotobuf.dir\debug\json_objectwriter.obj
d:\git\protobuf-3.7.1\cmake\build\solution\libprotobuf.dir\debug\message_differencer.obj
d:\git\protobuf-3.7.1\cmake\build\solution\libprotobuf.dir\debug\generated_message_table_driven_lite.obj
d:\git\protobuf-3.7.1\cmake\build\solution\libprotobuf.dir\debug\common.obj
d:\git\protobuf-3.7.1\cmake\build\solution\libprotobuf.dir\debug\any.pb.obj
d:\git\protobuf-3.7.1\cmake\build\solution\libprotobuf.dir\debug\duration.pb.obj
d:\git\protobuf-3.7.1\cmake\build\solution\libprotobuf.dir\debug\generated_message_reflection.obj
d:\git\protobuf-3.7.1\cmake\build\solution\libprotobuf.dir\debug\mathlimits.obj
d:\git\protobuf-3.7.1\cmake\build\solution\libprotobuf.dir\debug\timestamp.pb.obj
d:\git\protobuf-3.7.1\cmake\build\solution\libprotobuf.dir\debug\default_value_objectwriter.obj
d:\git\protobuf-3.7.1\cmake\build\solution\libprotobuf.dir\debug\json_util.obj
d:\git\protobuf-3.7.1\cmake\build\solution\libprotobuf.dir\debug\coded_stream.obj
d:\git\protobuf-3.7.1\cmake\build\solution\libprotobuf.dir\debug\message_lite.obj
d:\git\protobuf-3.7.1\cmake\build\solution\libprotobuf.dir\debug\structurally_valid.obj
d:\git\protobuf-3.7.1\cmake\build\solution\libprotobuf.dir\debug\importer.obj
d:\git\protobuf-3.7.1\cmake\build\solution\libprotobuf.dir\debug\empty.pb.obj
d:\git\protobuf-3.7.1\cmake\build\solution\libprotobuf.dir\debug\printer.obj
d:\git\protobuf-3.7.1\cmake\build\solution\libprotobuf.dir\debug\struct.pb.obj
d:\git\protobuf-3.7.1\cmake\build\solution\libprotobuf.dir\debug\datapiece.obj
d:\git\protobuf-3.7.1\cmake\build\solution\libprotobuf.dir\debug\protostream_objectwriter.obj
d:\git\protobuf-3.7.1\cmake\build\solution\libprotobuf.dir\debug\extension_set.obj
d:\git\protobuf-3.7.1\cmake\build\solution\libprotobuf.dir\debug\statusor.obj
d:\git\protobuf-3.7.1\cmake\build\solution\libprotobuf.dir\debug\time.obj
d:\git\protobuf-3.7.1\cmake\build\solution\libprotobuf.dir\debug\descriptor.obj
d:\git\protobuf-3.7.1\cmake\build\solution\libprotobuf.dir\debug\text_format.obj
d:\git\protobuf-3.7.1\cmake\build\solution\libprotobuf.dir\debug\proto_writer.obj
d:\git\protobuf-3.7.1\cmake\build\solution\libprotobuf.dir\debug\type_resolver_util.obj
d:\git\protobuf-3.7.1\cmake\build\solution\libprotobuf.dir\debug\parse_context.obj
d:\git\protobuf-3.7.1\cmake\build\solution\libprotobuf.dir\debug\repeated_field.obj
d:\git\protobuf-3.7.1\cmake\build\solution\libprotobuf.dir\debug\wire_format_lite.obj
d:\git\protobuf-3.7.1\cmake\build\solution\libprotobuf.dir\debug\descriptor_database.obj
d:\git\protobuf-3.7.1\cmake\build\solution\libprotobuf.dir\debug\zero_copy_stream_impl.obj
d:\git\protobuf-3.7.1\cmake\build\solution\libprotobuf.dir\debug\service.obj
d:\git\protobuf-3.7.1\cmake\build\solution\libprotobuf.dir\debug\substitute.obj
d:\git\protobuf-3.7.1\cmake\build\solution\libprotobuf.dir\debug\delimited_message_util.obj
d:\git\protobuf-3.7.1\cmake\build\solution\libprotobuf.dir\debug\error_listener.obj
d:\git\protobuf-3.7.1\cmake\build\solution\libprotobuf.dir\debug\json_stream_parser.obj
d:\git\protobuf-3.7.1\cmake\build\solution\libprotobuf.dir\debug\type_info.obj
d:\git\protobuf-3.7.1\cmake\build\solution\libprotobuf.dir\debug\wire_format.obj
d:\git\protobuf-3.7.1\cmake\build\solution\libprotobuf.dir\debug\libprotobuf.pdb
d:\git\protobuf-3.7.1\cmake\build\solution\cmakefiles\generate.stamp
d:\git\protobuf-3.7.1\cmake\build\solution\debug\libprotobufd.lib
d:\git\protobuf-3.7.1\cmake\build\solution\libprotobuf.dir\debug\version.res
d:\git\protobuf-3.7.1\cmake\build\solution\libprotobuf.dir\debug\libprotobuf.tlog\cl.15528.write.1.tlog
d:\git\protobuf-3.7.1\cmake\build\solution\libprotobuf.dir\debug\libprotobuf.tlog\cl.command.1.tlog
d:\git\protobuf-3.7.1\cmake\build\solution\libprotobuf.dir\debug\libprotobuf.tlog\cl.read.1.tlog
d:\git\protobuf-3.7.1\cmake\build\solution\libprotobuf.dir\debug\libprotobuf.tlog\custombuild.command.1.tlog
d:\git\protobuf-3.7.1\cmake\build\solution\libprotobuf.dir\debug\libprotobuf.tlog\custombuild.read.1.tlog
d:\git\protobuf-3.7.1\cmake\build\solution\libprotobuf.dir\debug\libprotobuf.tlog\custombuild.write.1.tlog
d:\git\protobuf-3.7.1\cmake\build\solution\libprotobuf.dir\debug\libprotobuf.tlog\lib-link-cvtres.read.1.tlog
d:\git\protobuf-3.7.1\cmake\build\solution\libprotobuf.dir\debug\libprotobuf.tlog\lib-link-cvtres.write.1.tlog
d:\git\protobuf-3.7.1\cmake\build\solution\libprotobuf.dir\debug\libprotobuf.tlog\lib.command.1.tlog
d:\git\protobuf-3.7.1\cmake\build\solution\libprotobuf.dir\debug\libprotobuf.tlog\rc.command.1.tlog
d:\git\protobuf-3.7.1\cmake\build\solution\libprotobuf.dir\debug\libprotobuf.tlog\rc.read.1.tlog
d:\git\protobuf-3.7.1\cmake\build\solution\libprotobuf.dir\debug\libprotobuf.tlog\rc.write.1.tlog
