d:\git\protobuf-3.7.1\cmake\build\solution\libprotobuf-lite.dir\debug\generated_message_table_driven_lite.obj
d:\git\protobuf-3.7.1\cmake\build\solution\libprotobuf-lite.dir\debug\status.obj
d:\git\protobuf-3.7.1\cmake\build\solution\libprotobuf-lite.dir\debug\stringprintf.obj
d:\git\protobuf-3.7.1\cmake\build\solution\libprotobuf-lite.dir\debug\arena.obj
d:\git\protobuf-3.7.1\cmake\build\solution\libprotobuf-lite.dir\debug\zero_copy_stream_impl_lite.obj
d:\git\protobuf-3.7.1\cmake\build\solution\libprotobuf-lite.dir\debug\statusor.obj
d:\git\protobuf-3.7.1\cmake\build\solution\libprotobuf-lite.dir\debug\time.obj
d:\git\protobuf-3.7.1\cmake\build\solution\libprotobuf-lite.dir\debug\implicit_weak_message.obj
d:\git\protobuf-3.7.1\cmake\build\solution\libprotobuf-lite.dir\debug\common.obj
d:\git\protobuf-3.7.1\cmake\build\solution\libprotobuf-lite.dir\debug\extension_set.obj
d:\git\protobuf-3.7.1\cmake\build\solution\libprotobuf-lite.dir\debug\io_win32.obj
d:\git\protobuf-3.7.1\cmake\build\solution\libprotobuf-lite.dir\debug\generated_message_util.obj
d:\git\protobuf-3.7.1\cmake\build\solution\libprotobuf-lite.dir\debug\repeated_field.obj
d:\git\protobuf-3.7.1\cmake\build\solution\libprotobuf-lite.dir\debug\parse_context.obj
d:\git\protobuf-3.7.1\cmake\build\solution\libprotobuf-lite.dir\debug\message_lite.obj
d:\git\protobuf-3.7.1\cmake\build\solution\libprotobuf-lite.dir\debug\strutil.obj
d:\git\protobuf-3.7.1\cmake\build\solution\libprotobuf-lite.dir\debug\coded_stream.obj
d:\git\protobuf-3.7.1\cmake\build\solution\libprotobuf-lite.dir\debug\bytestream.obj
d:\git\protobuf-3.7.1\cmake\build\solution\libprotobuf-lite.dir\debug\stringpiece.obj
d:\git\protobuf-3.7.1\cmake\build\solution\libprotobuf-lite.dir\debug\wire_format_lite.obj
d:\git\protobuf-3.7.1\cmake\build\solution\libprotobuf-lite.dir\debug\strtod.obj
d:\git\protobuf-3.7.1\cmake\build\solution\libprotobuf-lite.dir\debug\zero_copy_stream.obj
d:\git\protobuf-3.7.1\cmake\build\solution\libprotobuf-lite.dir\debug\int128.obj
d:\git\protobuf-3.7.1\cmake\build\solution\libprotobuf-lite.dir\debug\structurally_valid.obj
d:\git\protobuf-3.7.1\cmake\build\solution\libprotobuf-lite.dir\debug\libprotobuf-lite.pdb
d:\git\protobuf-3.7.1\cmake\build\solution\cmakefiles\generate.stamp
d:\git\protobuf-3.7.1\cmake\build\solution\debug\libprotobuf-lited.lib
d:\git\protobuf-3.7.1\cmake\build\solution\libprotobuf-lite.dir\debug\version.res
d:\git\protobuf-3.7.1\cmake\build\solution\libprotobuf-lite.dir\debug\libprotobuf-lite.tlog\cl.21664.write.1.tlog
d:\git\protobuf-3.7.1\cmake\build\solution\libprotobuf-lite.dir\debug\libprotobuf-lite.tlog\cl.command.1.tlog
d:\git\protobuf-3.7.1\cmake\build\solution\libprotobuf-lite.dir\debug\libprotobuf-lite.tlog\cl.read.1.tlog
d:\git\protobuf-3.7.1\cmake\build\solution\libprotobuf-lite.dir\debug\libprotobuf-lite.tlog\custombuild.command.1.tlog
d:\git\protobuf-3.7.1\cmake\build\solution\libprotobuf-lite.dir\debug\libprotobuf-lite.tlog\custombuild.read.1.tlog
d:\git\protobuf-3.7.1\cmake\build\solution\libprotobuf-lite.dir\debug\libprotobuf-lite.tlog\custombuild.write.1.tlog
d:\git\protobuf-3.7.1\cmake\build\solution\libprotobuf-lite.dir\debug\libprotobuf-lite.tlog\lib-link-cvtres.read.1.tlog
d:\git\protobuf-3.7.1\cmake\build\solution\libprotobuf-lite.dir\debug\libprotobuf-lite.tlog\lib-link-cvtres.write.1.tlog
d:\git\protobuf-3.7.1\cmake\build\solution\libprotobuf-lite.dir\debug\libprotobuf-lite.tlog\lib.command.1.tlog
d:\git\protobuf-3.7.1\cmake\build\solution\libprotobuf-lite.dir\debug\libprotobuf-lite.tlog\rc.command.1.tlog
d:\git\protobuf-3.7.1\cmake\build\solution\libprotobuf-lite.dir\debug\libprotobuf-lite.tlog\rc.read.1.tlog
d:\git\protobuf-3.7.1\cmake\build\solution\libprotobuf-lite.dir\debug\libprotobuf-lite.tlog\rc.write.1.tlog
